#
# A fatal error has been detected by the Java Runtime Environment:
#
#  SIGSEGV (0xb) at pc=0x00000001033e15ca, pid=3842, tid=0x0000000000002b03
#
# JRE version: Java(TM) SE Runtime Environment (8.0_144-b01) (build 1.8.0_144-b01)
# Java VM: Java HotSpot(TM) 64-Bit Server VM (25.144-b01 mixed mode bsd-amd64 compressed oops)
# Problematic frame:
# V  [libjvm.dylib+0x1e15ca]
#
# Failed to write core dump. Core dumps have been disabled. To enable core dumping, try "ulimit -c unlimited" before starting Java again
#
# If you would like to submit a bug report, please visit:
#   http://bugreport.java.com/bugreport/crash.jsp
#

---------------  T H R E A D  ---------------

Current thread (0x00007fa06b034000):  VMThread [stack: 0x0000700003649000,0x0000700003749000] [id=11011]

siginfo: si_signo: 11 (SIGSEGV), si_code: 1 (SEGV_MAPERR), si_addr: 0x0000000000000010

Registers:
RAX=0x0000000000000000, RBX=0x00000000000000bb, RCX=0x0000000000000511, RDX=0x00000000000000bb
RSP=0x0000700003748780, RBP=0x0000700003748780, RSI=0x0000000000000085, RDI=0x000000011d4fc918
R8 =0x0000000000020001, R9 =0x0000000000030001, R10=0x0000000000000001, R11=0x00007fa06a0ce170
R12=0x000000011d4fd210, R13=0x0000000000000000, R14=0x0000000000000085, R15=0x000000000000000c
RIP=0x00000001033e15ca, EFLAGS=0x0000000000010246, ERR=0x0000000000000004
  TRAPNO=0x000000000000000e

Top of Stack: (sp=0x0000700003748780)
0x0000700003748780:   0000700003748850 0000000103652a5a
0x0000700003748790:   0000000000000000 000000010df31020
0x00007000037487a0:   00007000037487d0 00000001036d96f7
0x00007000037487b0:   0000700003748808 000000011d4fe758
0x00007000037487c0:   00007000037487f0 00000001032df7ad
0x00007000037487d0:   000000011d4fe758 0000700003748888
0x00007000037487e0:   00007000037488b8 00000000000000bb
0x00007000037487f0:   0000700003748820 00000001032df81e
0x0000700003748800:   000000011d4fe758 000000011d4fe758
0x0000700003748810:   00007fa06b034000 0000700003748888
0x0000700003748820:   0000700003748850 0000700003748888
0x0000700003748830:   000000011d4fd210 0000000000000000
0x0000700003748840:   00007000037488b8 00000000000000bb
0x0000700003748850:   0000700003748930 0000000103653a5b
0x0000700003748860:   000000010e6111fc 00000001034b0060
0x0000700003748870:   000000010e611022 000000010901ffff
0x0000700003748880:   000000010e611040 000000010e611040
0x0000700003748890:   000000011d4fe758 00007fa06b034000
0x00007000037488a0:   0000000300000000 000000bb0000000a
0x00007000037488b0:   000000bb03740000 00000001034a019d
0x00007000037488c0:   000000011d4fd210 00007fa06b034000
0x00007000037488d0:   0000000300000000 000000bb0000000a
0x00007000037488e0:   000000bb03740000 000000011d4fd210
0x00007000037488f0:   00007fa06b034000 000000011d4fe758
0x0000700003748900:   00007fa06b034000 000000011d4fe758
0x0000700003748910:   000000011d4fd210 0000000000000004
0x0000700003748920:   0000000000000004 0000000000000005
0x0000700003748930:   0000700003748a00 000000010359e7fc
0x0000700003748940:   0000fffe00018360 0000700003748ab0
0x0000700003748950:   0000ffff00000000 0000700003748aac
0x0000700003748960:   0000000000000000 0000000000000000
0x0000700003748970:   00000007c02fb628 0000700003c5aa20 

Instructions: (pc=0x00000001033e15ca)
0x00000001033e15aa:   44 c7 50 c1 e8 10 5d c3 55 48 89 e5 48 63 c6 48
0x00000001033e15ba:   8b 44 c7 50 48 89 45 f8 48 8b 45 f8 a8 01 75 06
0x00000001033e15ca:   48 8b 40 10 5d c3 48 83 e0 fe 5d c3 55 48 89 e5
0x00000001033e15da:   48 63 c2 48 8b 44 c7 50 48 89 45 f8 48 8b 45 f8 

Register to memory mapping:

RAX=0x0000000000000000 is an unknown value
RBX=0x00000000000000bb is an unknown value
RCX=0x0000000000000511 is an unknown value
RDX=0x00000000000000bb is an unknown value
RSP=0x0000700003748780 is an unknown value
RBP=0x0000700003748780 is an unknown value
RSI=0x0000000000000085 is an unknown value
RDI=0x000000011d4fc918 is pointing into metadata
R8 =0x0000000000020001 is an unknown value
R9 =0x0000000000030001 is an unknown value
R10=0x0000000000000001 is an unknown value
R11=0x00007fa06a0ce170 is an unknown value
R12={method} {0x000000011d4fd210} 'deleteGuestByName' '(Ljava/lang/String;)I' in 'com/guestlist/guestlist_artifact/GuestListController'
R13=0x0000000000000000 is an unknown value
R14=0x0000000000000085 is an unknown value
R15=0x000000000000000c is an unknown value


Stack: [0x0000700003649000,0x0000700003749000],  sp=0x0000700003748780,  free space=1021k
Native frames: (J=compiled Java code, j=interpreted, Vv=VM code, C=native code)
V  [libjvm.dylib+0x1e15ca]
V  [libjvm.dylib+0x452a5a]
V  [libjvm.dylib+0x453a5b]
V  [libjvm.dylib+0x39e7fc]
V  [libjvm.dylib+0x39ed93]
V  [libjvm.dylib+0x39d0d2]
V  [libjvm.dylib+0x5b9a69]
V  [libjvm.dylib+0x5b80d5]
V  [libjvm.dylib+0x5b8522]
V  [libjvm.dylib+0x5b7e41]
V  [libjvm.dylib+0x48baee]
C  [libsystem_pthread.dylib+0x6109]  _pthread_start+0x94
C  [libsystem_pthread.dylib+0x1b8b]  thread_start+0xf

VM_Operation (0x0000700003c5aa20): RedefineClasses, mode: safepoint, requested by thread 0x00007fa06b03c800


---------------  P R O C E S S  ---------------

Java Threads: ( => current thread )
  0x00007fa06b2c5800 JavaThread "DestroyJavaVM" [_thread_blocked, id=3843, stack(0x000070000313a000,0x000070000323a000)]
  0x00007fa06baf5800 JavaThread "http-nio-8080-Acceptor" daemon [_thread_in_native, id=38659, stack(0x00007000058b2000,0x00007000059b2000)]
  0x00007fa06abdd000 JavaThread "http-nio-8080-ClientPoller" daemon [_thread_in_native, id=38915, stack(0x00007000057af000,0x00007000058af000)]
  0x00007fa06abea000 JavaThread "http-nio-8080-exec-10" daemon [_thread_blocked, id=39427, stack(0x00007000056ac000,0x00007000057ac000)]
  0x00007fa06b2c2800 JavaThread "http-nio-8080-exec-9" daemon [_thread_blocked, id=39683, stack(0x00007000055a9000,0x00007000056a9000)]
  0x00007fa06a5c1800 JavaThread "http-nio-8080-exec-8" daemon [_thread_blocked, id=25859, stack(0x00007000054a6000,0x00007000055a6000)]
  0x00007fa06baec800 JavaThread "http-nio-8080-exec-7" daemon [_thread_blocked, id=25347, stack(0x00007000053a3000,0x00007000054a3000)]
  0x00007fa06b2b1000 JavaThread "http-nio-8080-exec-6" daemon [_thread_blocked, id=25091, stack(0x00007000052a0000,0x00007000053a0000)]
  0x00007fa06b2b2000 JavaThread "http-nio-8080-exec-5" daemon [_thread_blocked, id=24835, stack(0x000070000519d000,0x000070000529d000)]
  0x00007fa06abe9000 JavaThread "http-nio-8080-exec-4" daemon [_thread_blocked, id=40707, stack(0x000070000509a000,0x000070000519a000)]
  0x00007fa06b2bb000 JavaThread "http-nio-8080-exec-3" daemon [_thread_blocked, id=40963, stack(0x0000700004f97000,0x0000700005097000)]
  0x00007fa06bb02000 JavaThread "http-nio-8080-exec-2" daemon [_thread_blocked, id=24067, stack(0x0000700004e94000,0x0000700004f94000)]
  0x00007fa06abd7000 JavaThread "http-nio-8080-exec-1" daemon [_thread_blocked, id=41475, stack(0x0000700004d91000,0x0000700004e91000)]
  0x00007fa06a57e000 JavaThread "http-nio-8080-BlockPoller" daemon [_thread_in_native, id=19207, stack(0x0000700004c8e000,0x0000700004d8e000)]
  0x00007fa06ab4d000 JavaThread "container-0" [_thread_blocked, id=42755, stack(0x0000700004985000,0x0000700004a85000)]
  0x00007fa06a547800 JavaThread "Catalina-utility-2" [_thread_blocked, id=43011, stack(0x0000700004882000,0x0000700004982000)]
  0x00007fa06a54c800 JavaThread "Catalina-utility-1" [_thread_blocked, id=22531, stack(0x000070000477f000,0x000070000487f000)]
  0x00007fa06a51d800 JavaThread "HikariPool-1 housekeeper" daemon [_thread_blocked, id=22151, stack(0x000070000467c000,0x000070000477c000)]
  0x00007fa06a966000 JavaThread "RMI TCP Accept-0" daemon [_thread_in_native, id=17667, stack(0x0000700004476000,0x0000700004576000)]
  0x00007fa06a3a1000 JavaThread "RMI TCP Accept-52637" daemon [_thread_in_native, id=16899, stack(0x0000700004373000,0x0000700004473000)]
  0x00007fa06b12e000 JavaThread "RMI TCP Accept-0" daemon [_thread_in_native, id=17923, stack(0x0000700004270000,0x0000700004370000)]
  0x00007fa06a81f800 JavaThread "Service Thread" daemon [_thread_blocked, id=16131, stack(0x000070000416d000,0x000070000426d000)]
  0x00007fa06b840800 JavaThread "C1 CompilerThread2" daemon [_thread_blocked, id=18179, stack(0x000070000406a000,0x000070000416a000)]
  0x00007fa06a83a000 JavaThread "C2 CompilerThread1" daemon [_thread_blocked, id=15363, stack(0x0000700003f67000,0x0000700004067000)]
  0x00007fa06b03e000 JavaThread "C2 CompilerThread0" daemon [_thread_blocked, id=14851, stack(0x0000700003e64000,0x0000700003f64000)]
  0x00007fa06b03d800 JavaThread "JDWP Command Reader" daemon [_thread_in_native, id=14595, stack(0x0000700003d61000,0x0000700003e61000)]
  0x00007fa06b846000 JavaThread "JDWP Event Helper Thread" daemon [_thread_blocked, id=14083, stack(0x0000700003c5e000,0x0000700003d5e000)]
  0x00007fa06b03c800 JavaThread "JDWP Transport Listener: dt_socket" daemon [_thread_blocked, id=13575, stack(0x0000700003b5b000,0x0000700003c5b000)]
  0x00007fa06b83f800 JavaThread "Signal Dispatcher" daemon [_thread_blocked, id=18691, stack(0x0000700003a58000,0x0000700003b58000)]
  0x00007fa06a011000 JavaThread "Finalizer" daemon [_thread_blocked, id=20995, stack(0x000070000384f000,0x000070000394f000)]
  0x00007fa06a010800 JavaThread "Reference Handler" daemon [_thread_blocked, id=11523, stack(0x000070000374c000,0x000070000384c000)]

Other Threads:
=>0x00007fa06b034000 VMThread [stack: 0x0000700003649000,0x0000700003749000] [id=11011]
  0x00007fa06a3a2000 WatcherThread [stack: 0x0000700004579000,0x0000700004679000] [id=21763]

VM state:at safepoint (normal execution)

VM Mutex/Monitor currently owned by a thread:  ([mutex/lock_event])
[0x00007fa069c0d950] Threads_lock - owner thread: 0x00007fa06b034000

Heap:
 PSYoungGen      total 161280K, used 95864K [0x0000000795580000, 0x00000007a2f80000, 0x00000007c0000000)
  eden space 147968K, 55% used [0x0000000795580000,0x000000079a625f88,0x000000079e600000)
  from space 13312K, 99% used [0x000000079e600000,0x000000079f2f82a0,0x000000079f300000)
  to   space 16384K, 0% used [0x00000007a1f80000,0x00000007a1f80000,0x00000007a2f80000)
 ParOldGen       total 89088K, used 18177K [0x0000000740000000, 0x0000000745700000, 0x0000000795580000)
  object space 89088K, 20% used [0x0000000740000000,0x00000007411c04b0,0x0000000745700000)
 Metaspace       used 54202K, capacity 57184K, committed 57472K, reserved 1099776K
  class space    used 7451K, capacity 7941K, committed 8064K, reserved 1048576K

Card table byte_map: [0x0000000104567000,0x0000000104968000] byte_map_base: 0x0000000100b67000

Marking Bits: (ParMarkBitMap*) 0x0000000103af35d0
 Begin Bits: [0x0000000104c13000, 0x0000000106c13000)
 End Bits:   [0x0000000106c13000, 0x0000000108c13000)

Polling page: 0x000000010290a000

CodeCache: size=245760Kb used=7312Kb max_used=7312Kb free=238447Kb
 bounds [0x000000010deeb000, 0x000000010e61b000, 0x000000011ceeb000]
 total_blobs=4238 nmethods=3694 adapters=464
 compilation: enabled

Compilation events (10 events):
Event: 139.902 Thread 0x00007fa06b840800 3773       1       java.util.concurrent.locks.AbstractQueuedSynchronizer::transferForSignal (45 bytes)
Event: 139.902 Thread 0x00007fa06b840800 nmethod 3773 0x000000010e60ea10 code [0x000000010e60eb80, 0x000000010e60edb8]
Event: 144.723 Thread 0x00007fa06b840800 3774       1       org.apache.catalina.util.LifecycleBase::fireLifecycleEvent (56 bytes)
Event: 144.723 Thread 0x00007fa06b840800 nmethod 3774 0x000000010e60eed0 code [0x000000010e60f080, 0x000000010e60f448]
Event: 144.723 Thread 0x00007fa06b840800 3775       1       org.apache.catalina.LifecycleEvent::<init> (16 bytes)
Event: 144.724 Thread 0x00007fa06b840800 nmethod 3775 0x000000010e60f710 code [0x000000010e60f880, 0x000000010e60faa8]
Event: 144.752 Thread 0x00007fa06b840800 3776       1       java.util.concurrent.locks.AbstractQueuedSynchronizer$ConditionObject::awaitNanos (156 bytes)
Event: 144.754 Thread 0x00007fa06b840800 nmethod 3776 0x000000010e60fbd0 code [0x000000010e60fe20, 0x000000010e610658]
Event: 144.754 Thread 0x00007fa06b840800 3777       1       java.util.concurrent.locks.LockSupport::parkNanos (29 bytes)
Event: 144.755 Thread 0x00007fa06b840800 nmethod 3777 0x000000010e610ed0 code [0x000000010e611040, 0x000000010e611208]

GC Heap History (10 events):
Event: 3.053 GC heap before
{Heap before GC invocations=7 (full 1):
 PSYoungGen      total 71680K, used 69079K [0x0000000795580000, 0x000000079cd80000, 0x00000007c0000000)
  eden space 66560K, 100% used [0x0000000795580000,0x0000000799680000,0x0000000799680000)
  from space 5120K, 49% used [0x0000000799680000,0x00000007998f5d58,0x0000000799b80000)
  to   space 9216K, 0% used [0x000000079c480000,0x000000079c480000,0x000000079cd80000)
 ParOldGen       total 57344K, used 7077K [0x0000000740000000, 0x0000000743800000, 0x0000000795580000)
  object space 57344K, 12% used [0x0000000740000000,0x00000007406e96c0,0x0000000743800000)
 Metaspace       used 21818K, capacity 22610K, committed 22912K, reserved 1069056K
  class space    used 2933K, capacity 3138K, committed 3200K, reserved 1048576K
Event: 3.058 GC heap after
Heap after GC invocations=7 (full 1):
 PSYoungGen      total 106496K, used 2876K [0x0000000795580000, 0x000000079ca00000, 0x00000007c0000000)
  eden space 100864K, 0% used [0x0000000795580000,0x0000000795580000,0x000000079b800000)
  from space 5632K, 51% used [0x000000079c480000,0x000000079c74f128,0x000000079ca00000)
  to   space 9216K, 0% used [0x000000079b800000,0x000000079b800000,0x000000079c100000)
 ParOldGen       total 57344K, used 7085K [0x0000000740000000, 0x0000000743800000, 0x0000000795580000)
  object space 57344K, 12% used [0x0000000740000000,0x00000007406eb6c0,0x0000000743800000)
 Metaspace       used 21818K, capacity 22610K, committed 22912K, reserved 1069056K
  class space    used 2933K, capacity 3138K, committed 3200K, reserved 1048576K
}
Event: 4.299 GC heap before
{Heap before GC invocations=8 (full 1):
 PSYoungGen      total 106496K, used 103740K [0x0000000795580000, 0x000000079ca00000, 0x00000007c0000000)
  eden space 100864K, 100% used [0x0000000795580000,0x000000079b800000,0x000000079b800000)
  from space 5632K, 51% used [0x000000079c480000,0x000000079c74f128,0x000000079ca00000)
  to   space 9216K, 0% used [0x000000079b800000,0x000000079b800000,0x000000079c100000)
 ParOldGen       total 57344K, used 7085K [0x0000000740000000, 0x0000000743800000, 0x0000000795580000)
  object space 57344K, 12% used [0x0000000740000000,0x00000007406eb6c0,0x0000000743800000)
 Metaspace       used 27776K, capacity 29410K, committed 29568K, reserved 1075200K
  class space    used 3811K, capacity 4130K, committed 4224K, reserved 1048576K
Event: 4.312 GC heap after
Heap after GC invocations=8 (full 1):
 PSYoungGen      total 110080K, used 9203K [0x0000000795580000, 0x000000079fe80000, 0x00000007c0000000)
  eden space 100864K, 0% used [0x0000000795580000,0x0000000795580000,0x000000079b800000)
  from space 9216K, 99% used [0x000000079b800000,0x000000079c0fcc10,0x000000079c100000)
  to   space 11776K, 0% used [0x000000079f300000,0x000000079f300000,0x000000079fe80000)
 ParOldGen       total 57344K, used 8517K [0x0000000740000000, 0x0000000743800000, 0x0000000795580000)
  object space 57344K, 14% used [0x0000000740000000,0x0000000740851478,0x0000000743800000)
 Metaspace       used 27776K, capacity 29410K, committed 29568K, reserved 1075200K
  class space    used 3811K, capacity 4130K, committed 4224K, reserved 1048576K
}
Event: 4.939 GC heap before
{Heap before GC invocations=9 (full 1):
 PSYoungGen      total 110080K, used 100022K [0x0000000795580000, 0x000000079fe80000, 0x00000007c0000000)
  eden space 100864K, 90% used [0x0000000795580000,0x000000079ae30d98,0x000000079b800000)
  from space 9216K, 99% used [0x000000079b800000,0x000000079c0fcc10,0x000000079c100000)
  to   space 11776K, 0% used [0x000000079f300000,0x000000079f300000,0x000000079fe80000)
 ParOldGen       total 57344K, used 8517K [0x0000000740000000, 0x0000000743800000, 0x0000000795580000)
  object space 57344K, 14% used [0x0000000740000000,0x0000000740851478,0x0000000743800000)
 Metaspace       used 33612K, capacity 35402K, committed 35456K, reserved 1079296K
  class space    used 4392K, capacity 4730K, committed 4736K, reserved 1048576K
Event: 4.971 GC heap after
Heap after GC invocations=9 (full 1):
 PSYoungGen      total 159744K, used 11734K [0x0000000795580000, 0x00000007a0900000, 0x00000007c0000000)
  eden space 147968K, 0% used [0x0000000795580000,0x0000000795580000,0x000000079e600000)
  from space 11776K, 99% used [0x000000079f300000,0x000000079fe75bc0,0x000000079fe80000)
  to   space 13312K, 0% used [0x000000079e600000,0x000000079e600000,0x000000079f300000)
 ParOldGen       total 57344K, used 8525K [0x0000000740000000, 0x0000000743800000, 0x0000000795580000)
  object space 57344K, 14% used [0x0000000740000000,0x0000000740853478,0x0000000743800000)
 Metaspace       used 33612K, capacity 35402K, committed 35456K, reserved 1079296K
  class space    used 4392K, capacity 4730K, committed 4736K, reserved 1048576K
}
Event: 4.971 GC heap before
{Heap before GC invocations=10 (full 2):
 PSYoungGen      total 159744K, used 11734K [0x0000000795580000, 0x00000007a0900000, 0x00000007c0000000)
  eden space 147968K, 0% used [0x0000000795580000,0x0000000795580000,0x000000079e600000)
  from space 11776K, 99% used [0x000000079f300000,0x000000079fe75bc0,0x000000079fe80000)
  to   space 13312K, 0% used [0x000000079e600000,0x000000079e600000,0x000000079f300000)
 ParOldGen       total 57344K, used 8525K [0x0000000740000000, 0x0000000743800000, 0x0000000795580000)
  object space 57344K, 14% used [0x0000000740000000,0x0000000740853478,0x0000000743800000)
 Metaspace       used 33612K, capacity 35402K, committed 35456K, reserved 1079296K
  class space    used 4392K, capacity 4730K, committed 4736K, reserved 1048576K
Event: 5.065 GC heap after
Heap after GC invocations=10 (full 2):
 PSYoungGen      total 159744K, used 0K [0x0000000795580000, 0x00000007a0900000, 0x00000007c0000000)
  eden space 147968K, 0% used [0x0000000795580000,0x0000000795580000,0x000000079e600000)
  from space 11776K, 0% used [0x000000079f300000,0x000000079f300000,0x000000079fe80000)
  to   space 13312K, 0% used [0x000000079e600000,0x000000079e600000,0x000000079f300000)
 ParOldGen       total 89088K, used 15773K [0x0000000740000000, 0x0000000745700000, 0x0000000795580000)
  object space 89088K, 17% used [0x0000000740000000,0x0000000740f676c8,0x0000000745700000)
 Metaspace       used 33612K, capacity 35402K, committed 35456K, reserved 1079296K
  class space    used 4392K, capacity 4730K, committed 4736K, reserved 1048576K
}
Event: 6.310 GC heap before
{Heap before GC invocations=11 (full 2):
 PSYoungGen      total 159744K, used 147968K [0x0000000795580000, 0x00000007a0900000, 0x00000007c0000000)
  eden space 147968K, 100% used [0x0000000795580000,0x000000079e600000,0x000000079e600000)
  from space 11776K, 0% used [0x000000079f300000,0x000000079f300000,0x000000079fe80000)
  to   space 13312K, 0% used [0x000000079e600000,0x000000079e600000,0x000000079f300000)
 ParOldGen       total 89088K, used 15773K [0x0000000740000000, 0x0000000745700000, 0x0000000795580000)
  object space 89088K, 17% used [0x0000000740000000,0x0000000740f676c8,0x0000000745700000)
 Metaspace       used 45776K, capacity 48152K, committed 48256K, reserved 1091584K
  class space    used 6311K, capacity 6743K, committed 6784K, reserved 1048576K
Event: 6.330 GC heap after
Heap after GC invocations=11 (full 2):
 PSYoungGen      total 161280K, used 13280K [0x0000000795580000, 0x00000007a2f80000, 0x00000007c0000000)
  eden space 147968K, 0% used [0x0000000795580000,0x0000000795580000,0x000000079e600000)
  from space 13312K, 99% used [0x000000079e600000,0x000000079f2f82a0,0x000000079f300000)
  to   space 16384K, 0% used [0x00000007a1f80000,0x00000007a1f80000,0x00000007a2f80000)
 ParOldGen       total 89088K, used 18177K [0x0000000740000000, 0x0000000745700000, 0x0000000795580000)
  object space 89088K, 20% used [0x0000000740000000,0x00000007411c04b0,0x0000000745700000)
 Metaspace       used 45776K, capacity 48152K, committed 48256K, reserved 1091584K
  class space    used 6311K, capacity 6743K, committed 6784K, reserved 1048576K
}

Deoptimization events (0 events):
No events

Internal exceptions (10 events):
Event: 6.649 Thread 0x00007fa06a00f800 Exception <a 'java/lang/NoSuchMethodError': java.lang.Object.lambda$and$0(Lorg/springframework/data/repository/core/support/MethodLookup;)Ljava/util/List;> (0x0000000796fc8b28) thrown at [/Users/java_re/workspace/8-2-build-macosx-x86_64/jdk8u144/9417/hots
Event: 6.656 Thread 0x00007fa06a00f800 Exception <a 'java/lang/IncompatibleClassChangeError': Found class java.lang.Object, but interface was expected> (0x0000000797066a10) thrown at [/Users/java_re/workspace/8-2-build-macosx-x86_64/jdk8u144/9417/hotspot/src/share/vm/interpreter/linkResolver.c
Event: 6.701 Thread 0x00007fa06a00f800 Exception <a 'java/lang/ArrayIndexOutOfBoundsException'> (0x000000079742b9d8) thrown at [/Users/java_re/workspace/8-2-build-macosx-x86_64/jdk8u144/9417/hotspot/src/share/vm/runtime/sharedRuntime.cpp, line 605]
Event: 6.715 Thread 0x00007fa06a00f800 Exception <a 'java/lang/reflect/InvocationTargetException'> (0x00000007975616a8) thrown at [/Users/java_re/workspace/8-2-build-macosx-x86_64/jdk8u144/9417/hotspot/src/share/vm/runtime/reflection.cpp, line 1092]
Event: 6.764 Thread 0x00007fa06a00f800 Exception <a 'java/lang/ArrayIndexOutOfBoundsException'> (0x0000000797948fa8) thrown at [/Users/java_re/workspace/8-2-build-macosx-x86_64/jdk8u144/9417/hotspot/src/share/vm/runtime/sharedRuntime.cpp, line 605]
Event: 6.764 Thread 0x00007fa06a00f800 Exception <a 'java/lang/ArrayIndexOutOfBoundsException'> (0x000000079794a300) thrown at [/Users/java_re/workspace/8-2-build-macosx-x86_64/jdk8u144/9417/hotspot/src/share/vm/runtime/sharedRuntime.cpp, line 605]
Event: 6.765 Thread 0x00007fa06a00f800 Exception <a 'java/lang/reflect/InvocationTargetException'> (0x000000079794e580) thrown at [/Users/java_re/workspace/8-2-build-macosx-x86_64/jdk8u144/9417/hotspot/src/share/vm/runtime/reflection.cpp, line 1092]
Event: 22.083 Thread 0x00007fa06abd7000 Exception <a 'java/lang/ArrayIndexOutOfBoundsException': 183> (0x000000079887e430) thrown at [/Users/java_re/workspace/8-2-build-macosx-x86_64/jdk8u144/9417/hotspot/src/share/vm/interpreter/interpreterRuntime.cpp, line 366]
Event: 62.181 Thread 0x00007fa06bb02000 Exception <a 'java/lang/ArrayIndexOutOfBoundsException'> (0x00000007999f4b98) thrown at [/Users/java_re/workspace/8-2-build-macosx-x86_64/jdk8u144/9417/hotspot/src/share/vm/runtime/sharedRuntime.cpp, line 605]
Event: 62.203 Thread 0x00007fa06bb02000 Exception <a 'java/lang/ArrayIndexOutOfBoundsException'> (0x0000000799b6ca98) thrown at [/Users/java_re/workspace/8-2-build-macosx-x86_64/jdk8u144/9417/hotspot/src/share/vm/runtime/sharedRuntime.cpp, line 605]

Events (10 events):
Event: 114.318 Executing VM operation: GetOrSetLocal done
Event: 114.319 Executing VM operation: GetOrSetLocal
Event: 114.319 Executing VM operation: GetOrSetLocal done
Event: 114.320 Executing VM operation: GetOrSetLocal
Event: 114.321 Executing VM operation: GetOrSetLocal done
Event: 114.321 Executing VM operation: GetOrSetLocal
Event: 114.321 Executing VM operation: GetOrSetLocal done
Event: 135.409 Executing VM operation: RedefineClasses
Event: 135.438 Executing VM operation: RedefineClasses done
Event: 148.803 Executing VM operation: RedefineClasses


Dynamic libraries:
0x0000000000cd6000 	/System/Library/Frameworks/Cocoa.framework/Versions/A/Cocoa
0x0000000000cd6000 	/System/Library/Frameworks/Security.framework/Versions/A/Security
0x0000000000cd6000 	/System/Library/Frameworks/ApplicationServices.framework/Versions/A/ApplicationServices
0x0000000000cd6000 	/usr/lib/libz.1.dylib
0x0000000000cd6000 	/usr/lib/libSystem.B.dylib
0x0000000000cd6000 	/usr/lib/libobjc.A.dylib
0x0000000000cd6000 	/System/Library/Frameworks/CoreFoundation.framework/Versions/A/CoreFoundation
0x0000000000cd6000 	/System/Library/Frameworks/Foundation.framework/Versions/C/Foundation
0x0000000000cd6000 	/System/Library/Frameworks/AppKit.framework/Versions/C/AppKit
0x0000000000cd6000 	/System/Library/Frameworks/CoreData.framework/Versions/A/CoreData
0x0000000000cd6000 	/System/Library/PrivateFrameworks/UIFoundation.framework/Versions/A/UIFoundation
0x0000000000cd6000 	/System/Library/PrivateFrameworks/RemoteViewServices.framework/Versions/A/RemoteViewServices
0x0000000000cd6000 	/System/Library/PrivateFrameworks/XCTTargetBootstrap.framework/Versions/A/XCTTargetBootstrap
0x0000000000cd6000 	/System/Library/Frameworks/CoreDisplay.framework/Versions/A/CoreDisplay
0x0000000000cd6000 	/System/Library/Frameworks/Metal.framework/Versions/A/Metal
0x0000000000cd6000 	/System/Library/PrivateFrameworks/DesktopServicesPriv.framework/Versions/A/DesktopServicesPriv
0x0000000000cd6000 	/usr/lib/liblangid.dylib
0x0000000000cd6000 	/System/Library/PrivateFrameworks/CoreSVG.framework/Versions/A/CoreSVG
0x0000000000cd6000 	/System/Library/PrivateFrameworks/SkyLight.framework/Versions/A/SkyLight
0x0000000000cd6000 	/System/Library/Frameworks/CoreGraphics.framework/Versions/A/CoreGraphics
0x0000000000cd6000 	/System/Library/Frameworks/Accelerate.framework/Versions/A/Accelerate
0x0000000000cd6000 	/usr/lib/libxml2.2.dylib
0x0000000000cd6000 	/System/Library/PrivateFrameworks/IconServices.framework/Versions/A/IconServices
0x0000000000cd6000 	/System/Library/Frameworks/IOSurface.framework/Versions/A/IOSurface
0x0000000000cd6000 	/usr/lib/libDiagnosticMessagesClient.dylib
0x0000000000cd6000 	/System/Library/PrivateFrameworks/DFRFoundation.framework/Versions/A/DFRFoundation
0x0000000000cd6000 	/usr/lib/libicucore.A.dylib
0x0000000000cd6000 	/System/Library/Frameworks/AudioToolbox.framework/Versions/A/AudioToolbox
0x0000000000cd6000 	/System/Library/Frameworks/AudioUnit.framework/Versions/A/AudioUnit
0x0000000000cd6000 	/usr/lib/libauto.dylib
0x0000000000cd6000 	/System/Library/PrivateFrameworks/DataDetectorsCore.framework/Versions/A/DataDetectorsCore
0x0000000000cd6000 	/System/Library/Frameworks/Carbon.framework/Versions/A/Frameworks/HIToolbox.framework/Versions/A/HIToolbox
0x0000000000cd6000 	/System/Library/Frameworks/QuartzCore.framework/Versions/A/QuartzCore
0x0000000000cd6000 	/System/Library/Frameworks/Carbon.framework/Versions/A/Frameworks/SpeechRecognition.framework/Versions/A/SpeechRecognition
0x0000000000cd6000 	/System/Library/PrivateFrameworks/CoreUI.framework/Versions/A/CoreUI
0x0000000000cd6000 	/System/Library/Frameworks/CoreAudio.framework/Versions/A/CoreAudio
0x0000000000cd6000 	/System/Library/Frameworks/DiskArbitration.framework/Versions/A/DiskArbitration
0x0000000000cd6000 	/System/Library/PrivateFrameworks/MultitouchSupport.framework/Versions/A/MultitouchSupport
0x0000000000cd6000 	/usr/lib/libenergytrace.dylib
0x0000000000cd6000 	/System/Library/Frameworks/IOKit.framework/Versions/A/IOKit
0x0000000000cd6000 	/System/Library/Frameworks/CoreServices.framework/Versions/A/CoreServices
0x0000000000cd6000 	/System/Library/PrivateFrameworks/PerformanceAnalysis.framework/Versions/A/PerformanceAnalysis
0x0000000000cd6000 	/System/Library/Frameworks/OpenGL.framework/Versions/A/OpenGL
0x0000000000cd6000 	/System/Library/Frameworks/ColorSync.framework/Versions/A/ColorSync
0x0000000000cd6000 	/System/Library/Frameworks/CoreImage.framework/Versions/A/CoreImage
0x0000000000cd6000 	/System/Library/Frameworks/CoreText.framework/Versions/A/CoreText
0x0000000000cd6000 	/System/Library/Frameworks/ImageIO.framework/Versions/A/ImageIO
0x0000000000cd6000 	/usr/lib/libc++.1.dylib
0x0000000000cd6000 	/usr/lib/libcompression.dylib
0x0000000000cd6000 	/usr/lib/libMobileGestalt.dylib
0x0000000000cd6000 	/System/Library/PrivateFrameworks/TextureIO.framework/Versions/A/TextureIO
0x0000000000cd6000 	/usr/lib/libate.dylib
0x0000000000cd6000 	/System/Library/PrivateFrameworks/InternationalSupport.framework/Versions/A/InternationalSupport
0x0000000000cd6000 	/usr/lib/system/libcache.dylib
0x0000000000cd6000 	/usr/lib/system/libcommonCrypto.dylib
0x0000000000cd6000 	/usr/lib/system/libcompiler_rt.dylib
0x0000000000cd6000 	/usr/lib/system/libcopyfile.dylib
0x0000000000cd6000 	/usr/lib/system/libcorecrypto.dylib
0x0000000000cd6000 	/usr/lib/system/libdispatch.dylib
0x0000000000cd6000 	/usr/lib/system/libdyld.dylib
0x0000000000cd6000 	/usr/lib/system/libkeymgr.dylib
0x0000000000cd6000 	/usr/lib/system/liblaunch.dylib
0x0000000000cd6000 	/usr/lib/system/libmacho.dylib
0x0000000000cd6000 	/usr/lib/system/libquarantine.dylib
0x0000000000cd6000 	/usr/lib/system/libremovefile.dylib
0x0000000000cd6000 	/usr/lib/system/libsystem_asl.dylib
0x0000000000cd6000 	/usr/lib/system/libsystem_blocks.dylib
0x0000000000cd6000 	/usr/lib/system/libsystem_c.dylib
0x0000000000cd6000 	/usr/lib/system/libsystem_configuration.dylib
0x0000000000cd6000 	/usr/lib/system/libsystem_coreservices.dylib
0x0000000000cd6000 	/usr/lib/system/libsystem_darwin.dylib
0x0000000000cd6000 	/usr/lib/system/libsystem_dnssd.dylib
0x0000000000cd6000 	/usr/lib/system/libsystem_featureflags.dylib
0x0000000000cd6000 	/usr/lib/system/libsystem_info.dylib
0x0000000000cd6000 	/usr/lib/system/libsystem_m.dylib
0x0000000000cd6000 	/usr/lib/system/libsystem_malloc.dylib
0x0000000000cd6000 	/usr/lib/system/libsystem_networkextension.dylib
0x0000000000cd6000 	/usr/lib/system/libsystem_notify.dylib
0x0000000000cd6000 	/usr/lib/system/libsystem_sandbox.dylib
0x0000000000cd6000 	/usr/lib/system/libsystem_secinit.dylib
0x0000000000cd6000 	/usr/lib/system/libsystem_kernel.dylib
0x0000000000cd6000 	/usr/lib/system/libsystem_platform.dylib
0x0000000000cd6000 	/usr/lib/system/libsystem_pthread.dylib
0x0000000000cd6000 	/usr/lib/system/libsystem_symptoms.dylib
0x0000000000cd6000 	/usr/lib/system/libsystem_trace.dylib
0x0000000000cd6000 	/usr/lib/system/libunwind.dylib
0x0000000000cd6000 	/usr/lib/system/libxpc.dylib
0x0000000000cd6000 	/usr/lib/libc++abi.dylib
0x0000000000cd6000 	/usr/lib/liblzma.5.dylib
0x0000000000cd6000 	/usr/lib/libfakelink.dylib
0x0000000000cd6000 	/usr/lib/libarchive.2.dylib
0x0000000000cd6000 	/System/Library/Frameworks/SystemConfiguration.framework/Versions/A/SystemConfiguration
0x0000000000cd6000 	/usr/lib/libCRFSuite.dylib
0x0000000000cd6000 	/System/Library/Frameworks/CFNetwork.framework/Versions/A/CFNetwork
0x0000000000cd6000 	/usr/lib/libbsm.0.dylib
0x0000000000cd6000 	/usr/lib/system/libkxld.dylib
0x0000000000cd6000 	/System/Library/PrivateFrameworks/AppleFSCompression.framework/Versions/A/AppleFSCompression
0x0000000000cd6000 	/usr/lib/libcoretls.dylib
0x0000000000cd6000 	/usr/lib/libcoretls_cfhelpers.dylib
0x0000000000cd6000 	/usr/lib/libpam.2.dylib
0x0000000000cd6000 	/usr/lib/libsqlite3.dylib
0x0000000000cd6000 	/usr/lib/libxar.1.dylib
0x0000000000cd6000 	/usr/lib/libbz2.1.0.dylib
0x0000000000cd6000 	/usr/lib/libiconv.2.dylib
0x0000000000cd6000 	/usr/lib/libcharset.1.dylib
0x0000000000cd6000 	/usr/lib/libnetwork.dylib
0x0000000000cd6000 	/usr/lib/libpcap.A.dylib
0x0000000000cd6000 	/usr/lib/libapple_nghttp2.dylib
0x0000000000cd6000 	/System/Library/Frameworks/CoreServices.framework/Versions/A/Frameworks/FSEvents.framework/Versions/A/FSEvents
0x0000000000cd6000 	/System/Library/Frameworks/CoreServices.framework/Versions/A/Frameworks/CarbonCore.framework/Versions/A/CarbonCore
0x0000000000cd6000 	/System/Library/Frameworks/CoreServices.framework/Versions/A/Frameworks/Metadata.framework/Versions/A/Metadata
0x0000000000cd6000 	/System/Library/Frameworks/CoreServices.framework/Versions/A/Frameworks/OSServices.framework/Versions/A/OSServices
0x0000000000cd6000 	/System/Library/Frameworks/CoreServices.framework/Versions/A/Frameworks/SearchKit.framework/Versions/A/SearchKit
0x0000000000cd6000 	/System/Library/Frameworks/CoreServices.framework/Versions/A/Frameworks/AE.framework/Versions/A/AE
0x0000000000cd6000 	/System/Library/Frameworks/CoreServices.framework/Versions/A/Frameworks/LaunchServices.framework/Versions/A/LaunchServices
0x0000000000cd6000 	/System/Library/Frameworks/CoreServices.framework/Versions/A/Frameworks/DictionaryServices.framework/Versions/A/DictionaryServices
0x0000000000cd6000 	/System/Library/Frameworks/CoreServices.framework/Versions/A/Frameworks/SharedFileList.framework/Versions/A/SharedFileList
0x0000000000cd6000 	/System/Library/Frameworks/NetFS.framework/Versions/A/NetFS
0x0000000000cd6000 	/System/Library/PrivateFrameworks/NetAuth.framework/Versions/A/NetAuth
0x0000000000cd6000 	/System/Library/PrivateFrameworks/login.framework/Versions/A/Frameworks/loginsupport.framework/Versions/A/loginsupport
0x0000000000cd6000 	/System/Library/PrivateFrameworks/TCC.framework/Versions/A/TCC
0x0000000000cd6000 	/System/Library/PrivateFrameworks/CoreNLP.framework/Versions/A/CoreNLP
0x0000000000cd6000 	/System/Library/PrivateFrameworks/MetadataUtilities.framework/Versions/A/MetadataUtilities
0x0000000000cd6000 	/usr/lib/libmecabra.dylib
0x0000000000cd6000 	/usr/lib/libmecab.dylib
0x0000000000cd6000 	/usr/lib/libgermantok.dylib
0x0000000000cd6000 	/usr/lib/libThaiTokenizer.dylib
0x0000000000cd6000 	/usr/lib/libChineseTokenizer.dylib
0x0000000000cd6000 	/System/Library/Frameworks/Accelerate.framework/Versions/A/Frameworks/vImage.framework/Versions/A/vImage
0x0000000000cd6000 	/System/Library/Frameworks/Accelerate.framework/Versions/A/Frameworks/vecLib.framework/Versions/A/vecLib
0x0000000000cd6000 	/System/Library/Frameworks/Accelerate.framework/Versions/A/Frameworks/vecLib.framework/Versions/A/libvMisc.dylib
0x0000000000cd6000 	/System/Library/Frameworks/Accelerate.framework/Versions/A/Frameworks/vecLib.framework/Versions/A/libvDSP.dylib
0x0000000000cd6000 	/System/Library/Frameworks/Accelerate.framework/Versions/A/Frameworks/vecLib.framework/Versions/A/libBLAS.dylib
0x0000000000cd6000 	/System/Library/Frameworks/Accelerate.framework/Versions/A/Frameworks/vecLib.framework/Versions/A/libLAPACK.dylib
0x0000000000cd6000 	/System/Library/Frameworks/Accelerate.framework/Versions/A/Frameworks/vecLib.framework/Versions/A/libLinearAlgebra.dylib
0x0000000000cd6000 	/System/Library/Frameworks/Accelerate.framework/Versions/A/Frameworks/vecLib.framework/Versions/A/libSparseBLAS.dylib
0x0000000000cd6000 	/System/Library/Frameworks/Accelerate.framework/Versions/A/Frameworks/vecLib.framework/Versions/A/libQuadrature.dylib
0x0000000000cd6000 	/System/Library/Frameworks/Accelerate.framework/Versions/A/Frameworks/vecLib.framework/Versions/A/libBNNS.dylib
0x0000000000cd6000 	/System/Library/Frameworks/Accelerate.framework/Versions/A/Frameworks/vecLib.framework/Versions/A/libSparse.dylib
0x0000000000cd6000 	/System/Library/PrivateFrameworks/LanguageModeling.framework/Versions/A/LanguageModeling
0x0000000000cd6000 	/System/Library/PrivateFrameworks/CoreEmoji.framework/Versions/A/CoreEmoji
0x0000000000cd6000 	/System/Library/PrivateFrameworks/LinguisticData.framework/Versions/A/LinguisticData
0x0000000000cd6000 	/System/Library/PrivateFrameworks/Lexicon.framework/Versions/A/Lexicon
0x0000000000cd6000 	/usr/lib/libcmph.dylib
0x0000000000cd6000 	/System/Library/Frameworks/OpenDirectory.framework/Versions/A/Frameworks/CFOpenDirectory.framework/Versions/A/CFOpenDirectory
0x0000000000cd6000 	/System/Library/Frameworks/OpenDirectory.framework/Versions/A/OpenDirectory
0x0000000000cd6000 	/System/Library/PrivateFrameworks/APFS.framework/Versions/A/APFS
0x0000000000cd6000 	/System/Library/Frameworks/SecurityFoundation.framework/Versions/A/SecurityFoundation
0x0000000000cd6000 	/usr/lib/libutil.dylib
0x0000000000cd6000 	/System/Library/PrivateFrameworks/CoreServicesStore.framework/Versions/A/CoreServicesStore
0x0000000000cd6000 	/System/Library/Frameworks/ServiceManagement.framework/Versions/A/ServiceManagement
0x0000000000cd6000 	/System/Library/PrivateFrameworks/BackgroundTaskManagement.framework/Versions/A/BackgroundTaskManagement
0x0000000000cd6000 	/usr/lib/libxslt.1.dylib
0x0000000000cd6000 	/System/Library/PrivateFrameworks/AppleSystemInfo.framework/Versions/A/AppleSystemInfo
0x0000000000cd6000 	/System/Library/Frameworks/ImageIO.framework/Versions/A/Resources/libJPEG.dylib
0x0000000000cd6000 	/System/Library/Frameworks/ImageIO.framework/Versions/A/Resources/libTIFF.dylib
0x0000000000cd6000 	/System/Library/Frameworks/ImageIO.framework/Versions/A/Resources/libPng.dylib
0x0000000000cd6000 	/System/Library/Frameworks/ImageIO.framework/Versions/A/Resources/libGIF.dylib
0x0000000000cd6000 	/System/Library/Frameworks/ImageIO.framework/Versions/A/Resources/libJP2.dylib
0x0000000000cd6000 	/System/Library/Frameworks/ImageIO.framework/Versions/A/Resources/libRadiance.dylib
0x0000000000cd6000 	/usr/lib/libexpat.1.dylib
0x0000000000cd6000 	/System/Library/PrivateFrameworks/AppleJPEG.framework/Versions/A/AppleJPEG
0x0000000000cd6000 	/System/Library/PrivateFrameworks/FontServices.framework/libFontParser.dylib
0x0000000000cd6000 	/System/Library/PrivateFrameworks/WatchdogClient.framework/Versions/A/WatchdogClient
0x0000000000cd6000 	/System/Library/PrivateFrameworks/IOAccelerator.framework/Versions/A/IOAccelerator
0x0000000000cd6000 	/System/Library/Frameworks/MetalPerformanceShaders.framework/Versions/A/MetalPerformanceShaders
0x0000000000cd6000 	/System/Library/PrivateFrameworks/GPUWrangler.framework/Versions/A/GPUWrangler
0x0000000000cd6000 	/System/Library/PrivateFrameworks/IOPresentment.framework/Versions/A/IOPresentment
0x0000000000cd6000 	/System/Library/PrivateFrameworks/DSExternalDisplay.framework/Versions/A/DSExternalDisplay
0x0000000000cd6000 	/System/Library/Frameworks/OpenGL.framework/Versions/A/Libraries/libCoreFSCache.dylib
0x0000000000cd6000 	/System/Library/Frameworks/MetalPerformanceShaders.framework/Frameworks/MPSCore.framework/Versions/A/MPSCore
0x0000000000cd6000 	/System/Library/Frameworks/MetalPerformanceShaders.framework/Frameworks/MPSImage.framework/Versions/A/MPSImage
0x0000000000cd6000 	/System/Library/Frameworks/MetalPerformanceShaders.framework/Frameworks/MPSNeuralNetwork.framework/Versions/A/MPSNeuralNetwork
0x0000000000cd6000 	/System/Library/Frameworks/MetalPerformanceShaders.framework/Frameworks/MPSMatrix.framework/Versions/A/MPSMatrix
0x0000000000cd6000 	/System/Library/Frameworks/MetalPerformanceShaders.framework/Frameworks/MPSRayIntersector.framework/Versions/A/MPSRayIntersector
0x0000000000cd6000 	/System/Library/Frameworks/MetalPerformanceShaders.framework/Frameworks/MPSNDArray.framework/Versions/A/MPSNDArray
0x0000000000cd6000 	/System/Library/PrivateFrameworks/MetalTools.framework/Versions/A/MetalTools
0x0000000000cd6000 	/System/Library/PrivateFrameworks/AggregateDictionary.framework/Versions/A/AggregateDictionary
0x0000000000cd6000 	/System/Library/PrivateFrameworks/CoreAnalytics.framework/Versions/A/CoreAnalytics
0x0000000000cd6000 	/System/Library/PrivateFrameworks/AppleSauce.framework/Versions/A/AppleSauce
0x0000000000cd6000 	/usr/lib/libIOReport.dylib
0x0000000000cd6000 	/System/Library/Frameworks/CoreVideo.framework/Versions/A/CoreVideo
0x0000000000cd6000 	/System/Library/PrivateFrameworks/GraphVisualizer.framework/Versions/A/GraphVisualizer
0x0000000000cd6000 	/System/Library/PrivateFrameworks/FaceCore.framework/Versions/A/FaceCore
0x0000000000cd6000 	/System/Library/Frameworks/OpenCL.framework/Versions/A/OpenCL
0x0000000000cd6000 	/usr/lib/libFosl_dynamic.dylib
0x0000000000cd6000 	/System/Library/PrivateFrameworks/OTSVG.framework/Versions/A/OTSVG
0x0000000000cd6000 	/System/Library/Frameworks/ApplicationServices.framework/Versions/A/Frameworks/ATS.framework/Versions/A/Resources/libFontRegistry.dylib
0x0000000000cd6000 	/System/Library/PrivateFrameworks/FontServices.framework/libhvf.dylib
0x0000000000cd6000 	/System/Library/Frameworks/OpenGL.framework/Versions/A/Libraries/libGFXShared.dylib
0x0000000000cd6000 	/System/Library/Frameworks/OpenGL.framework/Versions/A/Libraries/libGLU.dylib
0x0000000000cd6000 	/System/Library/Frameworks/OpenGL.framework/Versions/A/Libraries/libGL.dylib
0x0000000000cd6000 	/System/Library/Frameworks/OpenGL.framework/Versions/A/Libraries/libGLImage.dylib
0x0000000000cd6000 	/System/Library/Frameworks/OpenGL.framework/Versions/A/Libraries/libCVMSPluginSupport.dylib
0x0000000000cd6000 	/System/Library/Frameworks/OpenGL.framework/Versions/A/Libraries/libCoreVMClient.dylib
0x0000000000cd6000 	/usr/lib/libncurses.5.4.dylib
0x0000000000cd6000 	/System/Library/Frameworks/ApplicationServices.framework/Versions/A/Frameworks/ATS.framework/Versions/A/ATS
0x0000000000cd6000 	/System/Library/Frameworks/ApplicationServices.framework/Versions/A/Frameworks/ColorSyncLegacy.framework/Versions/A/ColorSyncLegacy
0x0000000000cd6000 	/System/Library/Frameworks/ApplicationServices.framework/Versions/A/Frameworks/HIServices.framework/Versions/A/HIServices
0x0000000000cd6000 	/System/Library/Frameworks/ApplicationServices.framework/Versions/A/Frameworks/LangAnalysis.framework/Versions/A/LangAnalysis
0x0000000000cd6000 	/System/Library/Frameworks/ApplicationServices.framework/Versions/A/Frameworks/PrintCore.framework/Versions/A/PrintCore
0x0000000000cd6000 	/System/Library/Frameworks/ApplicationServices.framework/Versions/A/Frameworks/QD.framework/Versions/A/QD
0x0000000000cd6000 	/System/Library/Frameworks/ApplicationServices.framework/Versions/A/Frameworks/SpeechSynthesis.framework/Versions/A/SpeechSynthesis
0x0000000000cd6000 	/System/Library/Frameworks/ApplicationServices.framework/Versions/A/Frameworks/ATSUI.framework/Versions/A/ATSUI
0x0000000000cd6000 	/usr/lib/libcups.2.dylib
0x0000000000cd6000 	/System/Library/Frameworks/Kerberos.framework/Versions/A/Kerberos
0x0000000000cd6000 	/System/Library/Frameworks/GSS.framework/Versions/A/GSS
0x0000000000cd6000 	/usr/lib/libresolv.9.dylib
0x0000000000cd6000 	/System/Library/PrivateFrameworks/Heimdal.framework/Versions/A/Heimdal
0x0000000000cd6000 	/System/Library/Frameworks/Kerberos.framework/Versions/A/Libraries/libHeimdalProxy.dylib
0x0000000000cd6000 	/usr/lib/libheimdal-asn1.dylib
0x0000000000cd6000 	/System/Library/PrivateFrameworks/CommonAuth.framework/Versions/A/CommonAuth
0x0000000000cd6000 	/System/Library/PrivateFrameworks/AssertionServices.framework/Versions/A/AssertionServices
0x0000000000cd6000 	/System/Library/PrivateFrameworks/AudioToolboxCore.framework/Versions/A/AudioToolboxCore
0x0000000000cd6000 	/System/Library/PrivateFrameworks/caulk.framework/Versions/A/caulk
0x0000000000cd6000 	/System/Library/PrivateFrameworks/BaseBoard.framework/Versions/A/BaseBoard
0x0000000000cd6000 	/System/Library/PrivateFrameworks/RunningBoardServices.framework/Versions/A/RunningBoardServices
0x0000000000cd6000 	/System/Library/PrivateFrameworks/PersistentConnection.framework/Versions/A/PersistentConnection
0x0000000000cd6000 	/System/Library/PrivateFrameworks/ProtocolBuffer.framework/Versions/A/ProtocolBuffer
0x0000000000cd6000 	/System/Library/PrivateFrameworks/CommonUtilities.framework/Versions/A/CommonUtilities
0x0000000000cd6000 	/System/Library/PrivateFrameworks/Bom.framework/Versions/A/Bom
0x0000000000cd6000 	/usr/lib/libAudioToolboxUtility.dylib
0x0000000000cd6000 	/System/Library/PrivateFrameworks/Backup.framework/Versions/A/Backup
0x0000000000cd6000 	/System/Library/PrivateFrameworks/CrashReporterSupport.framework/Versions/A/CrashReporterSupport
0x0000000000cd6000 	/System/Library/PrivateFrameworks/Sharing.framework/Versions/A/Sharing
0x0000000000cd6000 	/System/Library/PrivateFrameworks/Apple80211.framework/Versions/A/Apple80211
0x0000000000cd6000 	/System/Library/PrivateFrameworks/AuthKit.framework/Versions/A/AuthKit
0x0000000000cd6000 	/System/Library/PrivateFrameworks/CoreUtils.framework/Versions/A/CoreUtils
0x0000000000cd6000 	/System/Library/Frameworks/CoreWLAN.framework/Versions/A/CoreWLAN
0x0000000000cd6000 	/System/Library/Frameworks/IOBluetooth.framework/Versions/A/IOBluetooth
0x0000000000cd6000 	/System/Library/PrivateFrameworks/MobileKeyBag.framework/Versions/A/MobileKeyBag
0x0000000000cd6000 	/System/Library/PrivateFrameworks/CorePhoneNumbers.framework/Versions/A/CorePhoneNumbers
0x0000000000cd6000 	/System/Library/PrivateFrameworks/AppleIDAuthSupport.framework/Versions/A/AppleIDAuthSupport
0x0000000000cd6000 	/System/Library/Frameworks/Network.framework/Versions/A/Network
0x0000000000cd6000 	/System/Library/PrivateFrameworks/KeychainCircle.framework/Versions/A/KeychainCircle
0x0000000000cd6000 	/System/Library/Frameworks/CoreBluetooth.framework/Versions/A/CoreBluetooth
0x0000000000cd6000 	/System/Library/PrivateFrameworks/SpeechRecognitionCore.framework/Versions/A/SpeechRecognitionCore
0x0000000103200000 	/Library/Java/JavaVirtualMachines/jdk1.8.0_144.jdk/Contents/Home/jre/lib/server/libjvm.dylib
0x0000000000cd6000 	/usr/lib/libstdc++.6.dylib
0x00000001028c7000 	/Library/Java/JavaVirtualMachines/jdk1.8.0_144.jdk/Contents/Home/jre/lib/libverify.dylib
0x00000001028d5000 	/Library/Java/JavaVirtualMachines/jdk1.8.0_144.jdk/Contents/Home/jre/lib/libjava.dylib
0x000000010290b000 	/Library/Java/JavaVirtualMachines/jdk1.8.0_144.jdk/Contents/Home/jre/lib/libjdwp.dylib
0x0000000102956000 	/Library/Java/JavaVirtualMachines/jdk1.8.0_144.jdk/Contents/Home/jre/lib/libnpt.dylib
0x00000001029a3000 	/Library/Java/JavaVirtualMachines/jdk1.8.0_144.jdk/Contents/Home/jre/lib/libzip.dylib
0x0000000000cd6000 	/System/Library/Frameworks/JavaVM.framework/Versions/A/Frameworks/JavaRuntimeSupport.framework/Versions/A/JavaRuntimeSupport
0x0000000000cd6000 	/System/Library/Frameworks/JavaVM.framework/Versions/A/Frameworks/JavaNativeFoundation.framework/Versions/A/JavaNativeFoundation
0x0000000000cd6000 	/System/Library/Frameworks/JavaVM.framework/Versions/A/JavaVM
0x0000000000cd6000 	/System/Library/Frameworks/Carbon.framework/Versions/A/Carbon
0x0000000000cd6000 	/System/Library/PrivateFrameworks/CoreSymbolication.framework/Versions/A/CoreSymbolication
0x0000000000cd6000 	/System/Library/PrivateFrameworks/JavaLaunching.framework/Versions/A/JavaLaunching
0x0000000000cd6000 	/System/Library/Frameworks/Carbon.framework/Versions/A/Frameworks/CommonPanels.framework/Versions/A/CommonPanels
0x0000000000cd6000 	/System/Library/Frameworks/Carbon.framework/Versions/A/Frameworks/Help.framework/Versions/A/Help
0x0000000000cd6000 	/System/Library/Frameworks/Carbon.framework/Versions/A/Frameworks/ImageCapture.framework/Versions/A/ImageCapture
0x0000000000cd6000 	/System/Library/Frameworks/Carbon.framework/Versions/A/Frameworks/OpenScripting.framework/Versions/A/OpenScripting
0x0000000000cd6000 	/System/Library/Frameworks/Carbon.framework/Versions/A/Frameworks/Ink.framework/Versions/A/Ink
0x0000000000cd6000 	/System/Library/Frameworks/Carbon.framework/Versions/A/Frameworks/Print.framework/Versions/A/Print
0x0000000000cd6000 	/System/Library/Frameworks/Carbon.framework/Versions/A/Frameworks/SecurityHI.framework/Versions/A/SecurityHI
0x0000000000cd6000 	/System/Library/PrivateFrameworks/DebugSymbols.framework/Versions/A/DebugSymbols
0x00000001029e4000 	/Library/Java/JavaVirtualMachines/jdk1.8.0_144.jdk/Contents/Home/jre/lib/libdt_socket.dylib
0x00000001029eb000 	/Library/Java/JavaVirtualMachines/jdk1.8.0_144.jdk/Contents/Home/jre/lib/libmanagement.dylib
0x000000010b55d000 	/Library/Java/JavaVirtualMachines/jdk1.8.0_144.jdk/Contents/Home/jre/lib/libnet.dylib
0x000000010b574000 	/Library/Java/JavaVirtualMachines/jdk1.8.0_144.jdk/Contents/Home/jre/lib/libnio.dylib

VM Arguments:
jvm_args: -agentlib:jdwp=transport=dt_socket,suspend=y,address=localhost:52638 -Dcom.sun.management.jmxremote -Dcom.sun.management.jmxremote.port=52637 -Dcom.sun.management.jmxremote.authenticate=false -Dcom.sun.management.jmxremote.ssl=false -Djava.rmi.server.hostname=localhost -Dspring.liveBeansView.mbeanDomain -Dspring.application.admin.enabled=true -Djava.security.egd=file:/dev/./urandom -Xverify:none -XX:TieredStopAtLevel=1 -Dfile.encoding=UTF-8 
java_command: com.guestlist.guestlist_artifact.GuestlistArtifactApplication --spring.output.ansi.enabled=always
java_class_path (initial): /Library/Java/JavaVirtualMachines/jdk1.8.0_144.jdk/Contents/Home/jre/lib/resources.jar:/Library/Java/JavaVirtualMachines/jdk1.8.0_144.jdk/Contents/Home/jre/lib/rt.jar:/Library/Java/JavaVirtualMachines/jdk1.8.0_144.jdk/Contents/Home/jre/lib/jsse.jar:/Library/Java/JavaVirtualMachines/jdk1.8.0_144.jdk/Contents/Home/jre/lib/jce.jar:/Library/Java/JavaVirtualMachines/jdk1.8.0_144.jdk/Contents/Home/jre/lib/charsets.jar:/Library/Java/JavaVirtualMachines/jdk1.8.0_144.jdk/Contents/Home/jre/lib/jfr.jar:/Library/Java/JavaVirtualMachines/jdk1.8.0_144.jdk/Contents/Home/jre/lib/ext/sunec.jar:/Library/Java/JavaVirtualMachines/jdk1.8.0_144.jdk/Contents/Home/jre/lib/ext/nashorn.jar:/Library/Java/JavaVirtualMachines/jdk1.8.0_144.jdk/Contents/Home/jre/lib/ext/cldrdata.jar:/Library/Java/JavaVirtualMachines/jdk1.8.0_144.jdk/Contents/Home/jre/lib/ext/jfxrt.jar:/Library/Java/JavaVirtualMachines/jdk1.8.0_144.jdk/Contents/Home/jre/lib/ext/dnsns.jar:/Library/Java/JavaVirtualMachines/jdk1.8.0_144.jdk/Contents/Home/jre/lib/ext/localedata.jar:/Library/Java/JavaVirtualMachines/jdk1.8.0_144.jdk/Contents/Home/jre/lib/ext/sunjce_provider.jar:/Library/Java/JavaVirtualMachines/jdk1.8.0_144.jdk/Contents/Home/jre/lib/ext/sunpkcs11.jar:/Library/Java/JavaVirtualMachines/jdk1.8.0_144.jdk/Contents/Home/jre/lib/ext/jaccess.jar:/Library/Java/JavaVirtualMachines/jdk1.8.0_144.jdk/Contents/Home/jre/lib/ext/zipfs.jar:/System/Library/Java/Extensions/MRJToolkit.jar:/Users/vijayps/PTwo/reacts/guest-list/backend/bin/main:/Users/vijayps/PTwo/reacts/guest-list/backend/bin/test:/guestlist_artifact/bin/default:/Users/vijayps/.gradle/caches/modules-2/files-2.1/org.springframework.boot/spring-boot-starter-data-jpa/2.3.1.RELEASE/5531a4cbd506f13a0b4483ed73c2e75a03d8da46/spring-boot-starter-data-jpa-2.3.1.RELEASE.jar:/Users/vijayps/.gradle/caches/modules-2/files-2.1/org.springframework.boot/spring-boot-starter-validation/2.3.1.RELEASE/ec99ba85f02b2bec42b84c9c5e74d035ec61109a/spring-boot-starter-va
Launcher Type: SUN_STANDARD

Environment Variables:
PATH=/usr/bin:/bin:/usr/sbin:/sbin
SHELL=/bin/bash

Signal Handlers:
SIGSEGV: [libjvm.dylib+0x5b26e5], sa_mask[0]=11111111011111110111111111111111, sa_flags=SA_ONSTACK|SA_RESTART|SA_SIGINFO
SIGBUS: [libjvm.dylib+0x5b26e5], sa_mask[0]=11111111011111110111111111111111, sa_flags=SA_RESTART|SA_SIGINFO
SIGFPE: [libjvm.dylib+0x489100], sa_mask[0]=11111111011111110111111111111111, sa_flags=SA_RESTART|SA_SIGINFO
SIGPIPE: [libjvm.dylib+0x489100], sa_mask[0]=11111111011111110111111111111111, sa_flags=SA_RESTART|SA_SIGINFO
SIGXFSZ: [libjvm.dylib+0x489100], sa_mask[0]=11111111011111110111111111111111, sa_flags=SA_RESTART|SA_SIGINFO
SIGILL: [libjvm.dylib+0x489100], sa_mask[0]=11111111011111110111111111111111, sa_flags=SA_RESTART|SA_SIGINFO
SIGUSR1: SIG_DFL, sa_mask[0]=00000000000000000000000000000000, sa_flags=none
SIGUSR2: [libjvm.dylib+0x488c1e], sa_mask[0]=00100000000000000000000000000000, sa_flags=SA_RESTART|SA_SIGINFO
SIGHUP: [libjvm.dylib+0x4871f5], sa_mask[0]=11111111011111110111111111111111, sa_flags=SA_RESTART|SA_SIGINFO
SIGINT: [libjvm.dylib+0x4871f5], sa_mask[0]=11111111011111110111111111111111, sa_flags=SA_RESTART|SA_SIGINFO
SIGTERM: [libjvm.dylib+0x4871f5], sa_mask[0]=11111111011111110111111111111111, sa_flags=SA_RESTART|SA_SIGINFO
SIGQUIT: [libjvm.dylib+0x4871f5], sa_mask[0]=11111111011111110111111111111111, sa_flags=SA_RESTART|SA_SIGINFO


---------------  S Y S T E M  ---------------

OS:Bsduname:Darwin 19.6.0 Darwin Kernel Version 19.6.0: Sun Jul  5 00:43:10 PDT 2020; root:xnu-6153.141.1~9/RELEASE_X86_64 x86_64
rlimit: STACK 8192k, CORE 0k, NPROC 1392, NOFILE 10240, AS infinity
load average:3.42 3.50 3.20

CPU:total 4 (initial active 4) (2 cores per cpu, 2 threads per core) family 6 model 61 stepping 4, cmov, cx8, fxsr, mmx, sse, sse2, sse3, ssse3, sse4.1, sse4.2, popcnt, avx, avx2, aes, clmul, erms, rtm, 3dnowpref, lzcnt, ht, tsc, tscinvbit, bmi1, bmi2, adx

Memory: 4k page, physical 8388608k(108540k free)

/proc/meminfo:


vm_info: Java HotSpot(TM) 64-Bit Server VM (25.144-b01) for bsd-amd64 JRE (1.8.0_144-b01), built on Jul 21 2017 22:07:42 by "java_re" with gcc 4.2.1 (Based on Apple Inc. build 5658) (LLVM build 2336.11.00)

time: Tue Jul 21 17:45:52 2020
elapsed time: 148 seconds (0d 0h 2m 28s)

